<?xml version="1.0" encoding="UTF-8"?>
<testsuites name="CreateNewAdminAndLogin" time="78" tests="0" failures="2" errors="0">
   <testsuite name="CreateNewAdminAndLogin" tests="0" failures="2" errors="0" time="78" timestamp="2018-10-22 11:50:58" hostname="Saranya - Saranya-PC" id="Test Suites/CreateNewAdminAndLogin">
      <properties>
         <property name="deviceName" value=""/>
         <property name="devicePlatform" value=""/>
         <property name="logFolder" value="C:\\Users\\Saranya\\Katalon Studio\\Saranya_Katalon_Assignment2\\Reports\\CreateNewAdminAndLogin\\20181022_115055"/>
         <property name="logFiles" value="C:\\Users\\Saranya\\Katalon Studio\\Saranya_Katalon_Assignment2\\Reports\\CreateNewAdminAndLogin\\20181022_115055\\execution0.log"/>
         <property name="attachments" value=""/>
         <property name="hostName" value="Saranya - Saranya-PC"/>
         <property name="os" value="Windows 7 64bit"/>
         <property name="katalonVersion" value="5.4.1.1"/>
         <property name="browser" value="Firefox 47.0"/>
         <property name="hostAddress" value="192.168.1.142"/>
         <property name="sessionId" value="511c0cd7-76aa-469f-9fc8-7ec7d09fd4be"/>
         <property name="seleniumVersion" value="3.7.1"/>
         <property name="proxyInformation" value="ProxyInformation{proxyOption=NO_PROXY, proxyServerType=HTTP, password=, proxyServerAddress=, proxyServerPort=0}"/>
         <property name="platform" value="Windows 7"/>
      </properties>
      <testcase name="Test Cases/Common/LoginAsSuperAdmin" classname="Test Cases/Common/LoginAsSuperAdmin" status="FAILED">
         <failure type="FAILED" message="Unable to set text 'admin@phptravels.com' of object 'Object Repository/common/super_admin/Page_Administator Login/input_email' (Root cause: org.openqa.selenium.WebDriverException: org.apache.http.conn.HttpHostConnectException: Connect to localhost:45921 [localhost/127.0.0.1, localhost/0:0:0:0:0:0:0:1] failed: Connection refused: connect
Build info: version: '3.7.1', revision: '8a0099a', time: '2017-11-06T21:07:36.161Z'
System info: host: 'SARANYA-PC', ip: '192.168.1.142', os.name: 'Windows 7', os.arch: 'amd64', os.version: '6.1', java.version: '1.8.0_102'
Driver info: driver.version: RemoteWebDriver)"/>
         <system-out><![CDATA[2018-10-22 11:50:58 - [TEST_CASE][FAILED] - Test Cases/Common/LoginAsSuperAdmin: Test Cases/Common/LoginAsSuperAdmin FAILED because (of) Unable to set text 'admin@phptravels.com' of object 'Object Repository/common/super_admin/Page_Administator Login/input_email' (Root cause: org.openqa.selenium.WebDriverException: org.apache.http.conn.HttpHostConnectException: Connect to localhost:45921 [localhost/127.0.0.1, localhost/0:0:0:0:0:0:0:1] failed: Connection refused: connect
Build info: version: '3.7.1', revision: '8a0099a', time: '2017-11-06T21:07:36.161Z'
System info: host: 'SARANYA-PC', ip: '192.168.1.142', os.name: 'Windows 7', os.arch: 'amd64', os.version: '6.1', java.version: '1.8.0_102'
Driver info: driver.version: RemoteWebDriver)

2018-10-22 11:50:59 - [TEST_STEP][PASSED] - openBrowser: Browser is opened with url: ''

2018-10-22 11:51:13 - [MESSAGE][PASSED] - Browser is opened with url: ''

2018-10-22 11:51:13 - [TEST_STEP][PASSED] - navigateToUrl: Navigate to 'https://www.phptravels.net/admin' successfully

2018-10-22 11:51:48 - [MESSAGE][PASSED] - Navigate to 'https://www.phptravels.net/admin' successfully

2018-10-22 11:51:48 - [TEST_STEP][FAILED] - setText: Unable to set text 'admin@phptravels.com' of object 'Object Repository/common/super_admin/Page_Administator Login/input_email' (Root cause: org.openqa.selenium.WebDriverException: org.apache.http.conn.HttpHostConnectException: Connect to localhost:45921 [localhost/127.0.0.1, localhost/0:0:0:0:0:0:0:1] failed: Connection refused: connect
Build info: version: '3.7.1', revision: '8a0099a', time: '2017-11-06T21:07:36.161Z'
System info: host: 'SARANYA-PC', ip: '192.168.1.142', os.name: 'Windows 7', os.arch: 'amd64', os.version: '6.1', java.version: '1.8.0_102'
Driver info: driver.version: RemoteWebDriver)

2018-10-22 11:52:11 - [MESSAGE][WARNING] - Cannot take screenshot

2018-10-22 11:52:11 - [MESSAGE][FAILED] - Unable to set text 'admin@phptravels.com' of object 'Object Repository/common/super_admin/Page_Administator Login/input_email' (Root cause: org.openqa.selenium.WebDriverException: org.apache.http.conn.HttpHostConnectException: Connect to localhost:45921 [localhost/127.0.0.1, localhost/0:0:0:0:0:0:0:1] failed: Connection refused: connect
Build info: version: '3.7.1', revision: '8a0099a', time: '2017-11-06T21:07:36.161Z'
System info: host: 'SARANYA-PC', ip: '192.168.1.142', os.name: 'Windows 7', os.arch: 'amd64', os.version: '6.1', java.version: '1.8.0_102'
Driver info: driver.version: RemoteWebDriver)]]></system-out>
         <system-err><![CDATA[2018-10-22 11:50:58 - [TEST_CASE][FAILED] - Test Cases/Common/LoginAsSuperAdmin: Test Cases/Common/LoginAsSuperAdmin FAILED because (of) Unable to set text 'admin@phptravels.com' of object 'Object Repository/common/super_admin/Page_Administator Login/input_email' (Root cause: org.openqa.selenium.WebDriverException: org.apache.http.conn.HttpHostConnectException: Connect to localhost:45921 [localhost/127.0.0.1, localhost/0:0:0:0:0:0:0:1] failed: Connection refused: connect
Build info: version: '3.7.1', revision: '8a0099a', time: '2017-11-06T21:07:36.161Z'
System info: host: 'SARANYA-PC', ip: '192.168.1.142', os.name: 'Windows 7', os.arch: 'amd64', os.version: '6.1', java.version: '1.8.0_102'
Driver info: driver.version: RemoteWebDriver)]]></system-err>
      </testcase>
      <testcase name="Test Cases/CreateUser/CreateNewAdmin" classname="Test Cases/CreateUser/CreateNewAdmin" status="FAILED">
         <failure type="FAILED" message="Unable to click on object 'Object Repository/user/create_new_admin/Page_Dashboard/a_Accounts' (Root cause: org.openqa.selenium.WebDriverException: org.apache.http.conn.HttpHostConnectException: Connect to localhost:45921 [localhost/127.0.0.1, localhost/0:0:0:0:0:0:0:1] failed: Connection refused: connect
Build info: version: '3.7.1', revision: '8a0099a', time: '2017-11-06T21:07:36.161Z'
System info: host: 'SARANYA-PC', ip: '192.168.1.142', os.name: 'Windows 7', os.arch: 'amd64', os.version: '6.1', java.version: '1.8.0_102'
Driver info: driver.version: RemoteWebDriver)"/>
         <system-out><![CDATA[2018-10-22 11:52:12 - [TEST_CASE][FAILED] - Test Cases/CreateUser/CreateNewAdmin: Test Cases/CreateUser/CreateNewAdmin FAILED because (of) Unable to click on object 'Object Repository/user/create_new_admin/Page_Dashboard/a_Accounts' (Root cause: org.openqa.selenium.WebDriverException: org.apache.http.conn.HttpHostConnectException: Connect to localhost:45921 [localhost/127.0.0.1, localhost/0:0:0:0:0:0:0:1] failed: Connection refused: connect
Build info: version: '3.7.1', revision: '8a0099a', time: '2017-11-06T21:07:36.161Z'
System info: host: 'SARANYA-PC', ip: '192.168.1.142', os.name: 'Windows 7', os.arch: 'amd64', os.version: '6.1', java.version: '1.8.0_102'
Driver info: driver.version: RemoteWebDriver)

2018-10-22 11:52:12 - [TEST_STEP][FAILED] - phpTravels.PhpKeys.navigateToCreateAdminPage: Unable to click on object 'Object Repository/user/create_new_admin/Page_Dashboard/a_Accounts' (Root cause: org.openqa.selenium.WebDriverException: org.apache.http.conn.HttpHostConnectException: Connect to localhost:45921 [localhost/127.0.0.1, localhost/0:0:0:0:0:0:0:1] failed: Connection refused: connect
Build info: version: '3.7.1', revision: '8a0099a', time: '2017-11-06T21:07:36.161Z'
System info: host: 'SARANYA-PC', ip: '192.168.1.142', os.name: 'Windows 7', os.arch: 'amd64', os.version: '6.1', java.version: '1.8.0_102'
Driver info: driver.version: RemoteWebDriver)

2018-10-22 11:52:16 - [MESSAGE][WARNING] - Cannot take screenshot

2018-10-22 11:52:16 - [MESSAGE][FAILED] - Unable to click on object 'Object Repository/user/create_new_admin/Page_Dashboard/a_Accounts' (Root cause: org.openqa.selenium.WebDriverException: org.apache.http.conn.HttpHostConnectException: Connect to localhost:45921 [localhost/127.0.0.1, localhost/0:0:0:0:0:0:0:1] failed: Connection refused: connect
Build info: version: '3.7.1', revision: '8a0099a', time: '2017-11-06T21:07:36.161Z'
System info: host: 'SARANYA-PC', ip: '192.168.1.142', os.name: 'Windows 7', os.arch: 'amd64', os.version: '6.1', java.version: '1.8.0_102'
Driver info: driver.version: RemoteWebDriver)

2018-10-22 11:52:16 - [MESSAGE][FAILED] - Unable to click on object 'Object Repository/user/create_new_admin/Page_Dashboard/a_Accounts' (Root cause: org.openqa.selenium.WebDriverException: org.apache.http.conn.HttpHostConnectException: Connect to localhost:45921 [localhost/127.0.0.1, localhost/0:0:0:0:0:0:0:1] failed: Connection refused: connect
Build info: version: '3.7.1', revision: '8a0099a', time: '2017-11-06T21:07:36.161Z'
System info: host: 'SARANYA-PC', ip: '192.168.1.142', os.name: 'Windows 7', os.arch: 'amd64', os.version: '6.1', java.version: '1.8.0_102'
Driver info: driver.version: RemoteWebDriver)]]></system-out>
         <system-err><![CDATA[2018-10-22 11:52:12 - [TEST_CASE][FAILED] - Test Cases/CreateUser/CreateNewAdmin: Test Cases/CreateUser/CreateNewAdmin FAILED because (of) Unable to click on object 'Object Repository/user/create_new_admin/Page_Dashboard/a_Accounts' (Root cause: org.openqa.selenium.WebDriverException: org.apache.http.conn.HttpHostConnectException: Connect to localhost:45921 [localhost/127.0.0.1, localhost/0:0:0:0:0:0:0:1] failed: Connection refused: connect
Build info: version: '3.7.1', revision: '8a0099a', time: '2017-11-06T21:07:36.161Z'
System info: host: 'SARANYA-PC', ip: '192.168.1.142', os.name: 'Windows 7', os.arch: 'amd64', os.version: '6.1', java.version: '1.8.0_102'
Driver info: driver.version: RemoteWebDriver)]]></system-err>
      </testcase>
      <system-out><![CDATA[2018-10-22 11:50:58 - [TEST_SUITE][INCOMPLETE] - CreateNewAdminAndLogin: null]]></system-out>
      <system-err><![CDATA[2018-10-22 11:50:58 - [TEST_SUITE][INCOMPLETE] - CreateNewAdminAndLogin: null]]></system-err>
   </testsuite>
</testsuites>
