<?xml version="1.0" encoding="UTF-8"?>
<testsuites name="createTour" time="268" tests="2" failures="0" errors="0">
   <testsuite name="createTour" tests="2" failures="0" errors="0" time="268" timestamp="2018-10-30 12:21:31" hostname="Saranya - Saranya-PC" id="Test Suites/createTour">
      <properties>
         <property name="deviceName" value=""/>
         <property name="devicePlatform" value=""/>
         <property name="logFolder" value="C:\\Users\\Saranya\\Katalon Studio\\Saranya_Katalon_Assignment2\\Reports\\createTour\\20181030_122127"/>
         <property name="logFiles" value="C:\\Users\\Saranya\\Katalon Studio\\Saranya_Katalon_Assignment2\\Reports\\createTour\\20181030_122127\\execution0.log"/>
         <property name="attachments" value=""/>
         <property name="hostName" value="Saranya - Saranya-PC"/>
         <property name="os" value="Windows 7 64bit"/>
         <property name="katalonVersion" value="5.4.1.1"/>
         <property name="dbServerInfo" value="MySQL 5.6.20"/>
         <property name="browser" value="Chrome 69.0.3497.100"/>
         <property name="hostAddress" value="192.168.1.142"/>
         <property name="sessionId" value="2e2829349a07fd2c4d1a02b008e8e638"/>
         <property name="seleniumVersion" value="3.7.1"/>
         <property name="proxyInformation" value="ProxyInformation{proxyOption=NO_PROXY, proxyServerType=HTTP, password=, proxyServerAddress=, proxyServerPort=0}"/>
         <property name="platform" value="Windows 7"/>
      </properties>
      <testcase name="Test Cases/Common/LoginAsSuperAdmin" classname="Test Cases/Common/LoginAsSuperAdmin" status="PASSED">
         <system-out><![CDATA[2018-10-30 12:21:31 - [TEST_CASE][PASSED] - Test Cases/Common/LoginAsSuperAdmin: Test Cases/Common/LoginAsSuperAdmin

2018-10-30 12:21:32 - [TEST_STEP][PASSED] - Statement - dbdata = com.kms.katalon.core.testdata.TestDataFactory.findTestData(adminDetails): Reading database data with query 'SELECT * FROM katalon_saranya_16_oct_18.users'

2018-10-30 12:21:33 - [TEST_STEP][PASSED] - Statement - userName = dbdata.getValue(5, 2): null

2018-10-30 12:21:33 - [TEST_STEP][PASSED] - Statement - password = dbdata.getValue(2, 2): null

2018-10-30 12:21:33 - [TEST_STEP][PASSED] - phpTravels.commonUtils.loginToPHPTravels: phpTravels.commonUtils.loginToPHPTravels is PASSED

2018-10-30 12:21:40 - [MESSAGE][PASSED] - Browser is opened with url: ''

2018-10-30 12:21:43 - [MESSAGE][PASSED] - Navigate to 'https://www.phptravels.net/admin' successfully

2018-10-30 12:21:45 - [MESSAGE][PASSED] - Current window maximized

2018-10-30 12:21:49 - [MESSAGE][PASSED] - Text 'admin@phptravels.com' is set on object 'Object Repository/common/super_admin/Page_Administator Login/input_email'

2018-10-30 12:21:54 - [MESSAGE][PASSED] - Text 'demoadmin' is set on object 'Object Repository/common/super_admin/Page_Administator Login/input_password'

2018-10-30 12:21:56 - [MESSAGE][PASSED] - Object: 'Object Repository/common/super_admin/Page_Administator Login/button_Login' is clicked on

2018-10-30 12:21:56 - [MESSAGE][PASSED] - phpTravels.commonUtils.loginToPHPTravels is PASSED]]></system-out>
         <system-err><![CDATA[]]></system-err>
      </testcase>
      <testcase name="Test Cases/CreateTour/CreateATour" classname="Test Cases/CreateTour/CreateATour" status="PASSED">
         <system-out><![CDATA[2018-10-30 12:21:56 - [TEST_CASE][PASSED] - Test Cases/CreateTour/CreateATour: Test Cases/CreateTour/CreateATour

2018-10-30 12:21:56 - [TEST_STEP][PASSED] - phpTravels.TourKeys.navigateToNewTour: phpTravels.TourKeys.navigateToNewTour is PASSED

2018-10-30 12:22:02 - [MESSAGE][PASSED] - Object: 'Object Repository/create_Tour/Page_Tours Management/a_Tours' is clicked on

2018-10-30 12:22:09 - [MESSAGE][PASSED] - Object: 'Object Repository/create_Tour/Page_Tours Management/a_Add New' is clicked on

2018-10-30 12:22:09 - [MESSAGE][PASSED] - phpTravels.TourKeys.navigateToNewTour is PASSED

2018-10-30 12:22:09 - [TEST_STEP][PASSED] - phpTravels.TourKeys.provideTourDetails: phpTravels.TourKeys.provideTourDetails is PASSED

2018-10-30 12:22:20 - [MESSAGE][PASSED] - All options with value 'Yes' are selected in object 'Object Repository/create_Tour/Page_Add Tour/select_TourStatus'  using regular expression

2018-10-30 12:22:25 - [MESSAGE][PASSED] - Text 'Trip to Ootty' is set on object 'Object Repository/create_Tour/Page_Add Tour/input_tourname'

2018-10-30 12:22:29 - [MESSAGE][PASSED] - Object: 'Object Repository/create_Tour/Page_Add Tour/iframeBody' is clicked on

2018-10-30 12:22:33 - [MESSAGE][PASSED] - Text 'Enjoy Holidays with Family' is set on object 'Object Repository/create_Tour/Page_Add Tour/iframeBody'

2018-10-30 12:22:40 - [MESSAGE][PASSED] - Text '2' is set on object 'Object Repository/create_Tour/Page_Add Tour/input_maxadult'

2018-10-30 12:22:44 - [MESSAGE][PASSED] - Text '1000' is set on object 'Object Repository/create_Tour/Page_Add Tour/input_adultprice'

2018-10-30 12:22:45 - [MESSAGE][PASSED] - Browser is scrolled to position x = 9999999, y = 9999999

2018-10-30 12:22:47 - [MESSAGE][PASSED] - Object: 'Object Repository/create_Tour/Page_Add Tour/span_Enable' is clicked on

2018-10-30 12:22:51 - [MESSAGE][PASSED] - Text '1' is set on object 'Object Repository/create_Tour/Page_Add Tour/input_maxchild'

2018-10-30 12:22:56 - [MESSAGE][PASSED] - Text '500' is set on object 'Object Repository/create_Tour/Page_Add Tour/input_childprice'

2018-10-30 12:22:58 - [MESSAGE][PASSED] - Object: 'Object Repository/create_Tour/Page_Add Tour/span_Enable_1' is clicked on

2018-10-30 12:23:02 - [MESSAGE][PASSED] - Text '1' is set on object 'Object Repository/create_Tour/Page_Add Tour/input_maxinfant'

2018-10-30 12:23:06 - [MESSAGE][PASSED] - Text '250' is set on object 'Object Repository/create_Tour/Page_Add Tour/input_infantprice'

2018-10-30 12:23:29 - [MESSAGE][PASSED] - All options with value '4' are selected in object 'Object Repository/create_Tour/Page_Add Tour/select_Select'  using regular expression

2018-10-30 12:23:33 - [MESSAGE][PASSED] - Text '4' is set on object 'Object Repository/create_Tour/Page_Add Tour/input_tourdays'

2018-10-30 12:23:38 - [MESSAGE][PASSED] - Text '3' is set on object 'Object Repository/create_Tour/Page_Add Tour/input_tournights'

2018-10-30 12:23:40 - [MESSAGE][PASSED] - Object: 'Object Repository/create_Tour/Page_Add Tour/select_TourType' is clicked on

2018-10-30 12:23:42 - [MESSAGE][PASSED] - Object: 'Object Repository/create_Tour/Page_Add Tour/select_TourTypeOption' is clicked on

2018-10-30 12:23:55 - [MESSAGE][PASSED] - All options with value 'yes' are selected in object 'Object Repository/create_Tour/Page_Add Tour/select_Featured'  using regular expression

2018-10-30 12:23:58 - [MESSAGE][PASSED] - Object: 'Object Repository/create_Tour/Page_Add Tour/autocomplete_Location1' is clicked on

2018-10-30 12:24:02 - [MESSAGE][PASSED] - Text 'Beatric' is set on object 'Object Repository/create_Tour/Page_Add Tour/autocomplete_Location2'

2018-10-30 12:24:04 - [MESSAGE][PASSED] - Object: 'Object Repository/create_Tour/Page_Add Tour/autocomplete_Location3' is clicked on

2018-10-30 12:24:04 - [MESSAGE][PASSED] - phpTravels.TourKeys.provideTourDetails is PASSED

2018-10-30 12:24:04 - [TEST_STEP][PASSED] - phpTravels.TourKeys.provideTourInclusions: phpTravels.TourKeys.provideTourInclusions is PASSED

2018-10-30 12:24:06 - [MESSAGE][PASSED] - Object: 'Object Repository/create_Tour/Page_Add Tour/a_Inclusions' is clicked on

2018-10-30 12:24:07 - [MESSAGE][PASSED] - Wait for page load successfully

2018-10-30 12:24:10 - [MESSAGE][PASSED] - Object: 'Object Repository/create_Tour/Page_Add Tour/checkbox_Inclusions' is clicked on

2018-10-30 12:24:12 - [MESSAGE][PASSED] - Object: 'Object Repository/create_Tour/Page_Add Tour/checkbox_Inclusions' is clicked on

2018-10-30 12:24:14 - [MESSAGE][PASSED] - Object: 'Object Repository/create_Tour/Page_Add Tour/checkbox_Inclusions' is clicked on

2018-10-30 12:24:16 - [MESSAGE][PASSED] - Object: 'Object Repository/create_Tour/Page_Add Tour/checkbox_Inclusions' is clicked on

2018-10-30 12:24:18 - [MESSAGE][PASSED] - Object: 'Object Repository/create_Tour/Page_Add Tour/checkbox_Inclusions' is clicked on

2018-10-30 12:24:20 - [MESSAGE][PASSED] - Object: 'Object Repository/create_Tour/Page_Add Tour/checkbox_Inclusions' is clicked on

2018-10-30 12:24:22 - [MESSAGE][PASSED] - Object: 'Object Repository/create_Tour/Page_Add Tour/checkbox_Inclusions' is clicked on

2018-10-30 12:24:25 - [MESSAGE][PASSED] - Object: 'Object Repository/create_Tour/Page_Add Tour/checkbox_Inclusions' is clicked on

2018-10-30 12:24:27 - [MESSAGE][PASSED] - Object: 'Object Repository/create_Tour/Page_Add Tour/checkbox_Inclusions' is clicked on

2018-10-30 12:24:29 - [MESSAGE][PASSED] - Object: 'Object Repository/create_Tour/Page_Add Tour/checkbox_Inclusions' is clicked on

2018-10-30 12:24:31 - [MESSAGE][PASSED] - Object: 'Object Repository/create_Tour/Page_Add Tour/checkbox_Inclusions' is clicked on

2018-10-30 12:24:33 - [MESSAGE][PASSED] - Object: 'Object Repository/create_Tour/Page_Add Tour/checkbox_Inclusions' is clicked on

2018-10-30 12:24:35 - [MESSAGE][PASSED] - Object: 'Object Repository/create_Tour/Page_Add Tour/checkbox_Inclusions' is clicked on

2018-10-30 12:24:38 - [MESSAGE][PASSED] - Object: 'Object Repository/create_Tour/Page_Add Tour/checkbox_Inclusions' is clicked on

2018-10-30 12:24:40 - [MESSAGE][PASSED] - Object: 'Object Repository/create_Tour/Page_Add Tour/checkbox_Inclusions' is clicked on

2018-10-30 12:24:42 - [MESSAGE][PASSED] - Object: 'Object Repository/create_Tour/Page_Add Tour/checkbox_Inclusions' is clicked on

2018-10-30 12:24:44 - [MESSAGE][PASSED] - Object: 'Object Repository/create_Tour/Page_Add Tour/checkbox_Inclusions' is clicked on

2018-10-30 12:24:46 - [MESSAGE][PASSED] - Object: 'Object Repository/create_Tour/Page_Add Tour/checkbox_Inclusions' is clicked on

2018-10-30 12:24:48 - [MESSAGE][PASSED] - Object: 'Object Repository/create_Tour/Page_Add Tour/checkbox_Inclusions' is clicked on

2018-10-30 12:24:50 - [MESSAGE][PASSED] - Object: 'Object Repository/create_Tour/Page_Add Tour/checkbox_Inclusions' is clicked on

2018-10-30 12:24:53 - [MESSAGE][PASSED] - Object: 'Object Repository/create_Tour/Page_Add Tour/checkbox_Inclusions' is clicked on

2018-10-30 12:24:55 - [MESSAGE][PASSED] - Object: 'Object Repository/create_Tour/Page_Add Tour/checkbox_Inclusions' is clicked on

2018-10-30 12:24:57 - [MESSAGE][PASSED] - Object: 'Object Repository/create_Tour/Page_Add Tour/checkbox_Inclusions' is clicked on

2018-10-30 12:24:59 - [MESSAGE][PASSED] - Object: 'Object Repository/create_Tour/Page_Add Tour/checkbox_Inclusions' is clicked on

2018-10-30 12:25:01 - [MESSAGE][PASSED] - Object: 'Object Repository/create_Tour/Page_Add Tour/checkbox_Inclusions' is clicked on

2018-10-30 12:25:03 - [MESSAGE][PASSED] - Object: 'Object Repository/create_Tour/Page_Add Tour/checkbox_Inclusions' is clicked on

2018-10-30 12:25:06 - [MESSAGE][PASSED] - Object: 'Object Repository/create_Tour/Page_Add Tour/checkbox_Inclusions' is clicked on

2018-10-30 12:25:08 - [MESSAGE][PASSED] - Object: 'Object Repository/create_Tour/Page_Add Tour/checkbox_Inclusions' is clicked on

2018-10-30 12:25:10 - [MESSAGE][PASSED] - Object: 'Object Repository/create_Tour/Page_Add Tour/checkbox_Inclusions' is clicked on

2018-10-30 12:25:12 - [MESSAGE][PASSED] - Object: 'Object Repository/create_Tour/Page_Add Tour/checkbox_Inclusions' is clicked on

2018-10-30 12:25:14 - [MESSAGE][PASSED] - Object: 'Object Repository/create_Tour/Page_Add Tour/checkbox_Inclusions' is clicked on

2018-10-30 12:25:16 - [MESSAGE][PASSED] - Object: 'Object Repository/create_Tour/Page_Add Tour/checkbox_Inclusions' is clicked on

2018-10-30 12:25:18 - [MESSAGE][PASSED] - Object: 'Object Repository/create_Tour/Page_Add Tour/checkbox_Inclusions' is clicked on

2018-10-30 12:25:21 - [MESSAGE][PASSED] - Object: 'Object Repository/create_Tour/Page_Add Tour/checkbox_Inclusions' is clicked on

2018-10-30 12:25:23 - [MESSAGE][PASSED] - Object: 'Object Repository/create_Tour/Page_Add Tour/checkbox_Inclusions' is clicked on

2018-10-30 12:25:25 - [MESSAGE][PASSED] - Object: 'Object Repository/create_Tour/Page_Add Tour/checkbox_Inclusions' is clicked on

2018-10-30 12:25:27 - [MESSAGE][PASSED] - Object: 'Object Repository/create_Tour/Page_Add Tour/checkbox_Inclusions' is clicked on

2018-10-30 12:25:27 - [MESSAGE][PASSED] - phpTravels.TourKeys.provideTourInclusions is PASSED

2018-10-30 12:25:27 - [TEST_STEP][PASSED] - phpTravels.TourKeys.provideTourExclusions: phpTravels.TourKeys.provideTourExclusions is PASSED

2018-10-30 12:25:29 - [MESSAGE][PASSED] - Object: 'Object Repository/create_Tour/Page_Add Tour/a_Exclusions' is clicked on

2018-10-30 12:25:30 - [MESSAGE][PASSED] - Wait for page load successfully

2018-10-30 12:25:32 - [MESSAGE][PASSED] - Object: 'Object Repository/create_Tour/Page_Add Tour/checkbox_Exclusions' is clicked on

2018-10-30 12:25:35 - [MESSAGE][PASSED] - Object: 'Object Repository/create_Tour/Page_Add Tour/checkbox_Exclusions' is clicked on

2018-10-30 12:25:37 - [MESSAGE][PASSED] - Object: 'Object Repository/create_Tour/Page_Add Tour/checkbox_Exclusions' is clicked on

2018-10-30 12:25:39 - [MESSAGE][PASSED] - Object: 'Object Repository/create_Tour/Page_Add Tour/checkbox_Exclusions' is clicked on

2018-10-30 12:25:41 - [MESSAGE][PASSED] - Object: 'Object Repository/create_Tour/Page_Add Tour/checkbox_Exclusions' is clicked on

2018-10-30 12:25:43 - [MESSAGE][PASSED] - Object: 'Object Repository/create_Tour/Page_Add Tour/checkbox_Exclusions' is clicked on

2018-10-30 12:25:45 - [MESSAGE][PASSED] - Object: 'Object Repository/create_Tour/Page_Add Tour/checkbox_Exclusions' is clicked on

2018-10-30 12:25:47 - [MESSAGE][PASSED] - Object: 'Object Repository/create_Tour/Page_Add Tour/checkbox_Exclusions' is clicked on

2018-10-30 12:25:47 - [MESSAGE][PASSED] - phpTravels.TourKeys.provideTourExclusions is PASSED

2018-10-30 12:25:47 - [TEST_STEP][PASSED] - phpTravels.TourKeys.SaveTour: phpTravels.TourKeys.SaveTour is PASSED

2018-10-30 12:25:50 - [MESSAGE][PASSED] - Object: 'Object Repository/common/button_Submit' is clicked on

2018-10-30 12:25:57 - [MESSAGE][PASSED] - Object 'Object Repository/create_Tour/Page_Add Tour/table_Tour' is present

2018-10-30 12:25:57 - [MESSAGE][PASSED] - phpTravels.TourKeys.SaveTour is PASSED]]></system-out>
         <system-err><![CDATA[]]></system-err>
      </testcase>
      <system-out><![CDATA[2018-10-30 12:21:31 - [TEST_SUITE][PASSED] - createTour: Test Cases/CreateTour/CreateATour]]></system-out>
      <system-err><![CDATA[]]></system-err>
   </testsuite>
</testsuites>
