<?xml version="1.0" encoding="UTF-8"?>
<testsuites name="scenario1" time="104" tests="6" failures="0" errors="0">
   <testsuite name="scenario1" tests="6" failures="0" errors="0" time="104" timestamp="2018-11-01 16:35:01" hostname="Saranya - Saranya-PC" id="Test Suites/scenario1">
      <properties>
         <property name="deviceName" value=""/>
         <property name="devicePlatform" value=""/>
         <property name="logFolder" value="C:\\Users\\Saranya\\git\\Katalon_Saranya\\Reports\\scenario1\\20181101_163458"/>
         <property name="logFiles" value="C:\\Users\\Saranya\\git\\Katalon_Saranya\\Reports\\scenario1\\20181101_163458\\execution0.log"/>
         <property name="attachments" value=""/>
         <property name="hostName" value="Saranya - Saranya-PC"/>
         <property name="os" value="Windows 7 64bit"/>
         <property name="katalonVersion" value="5.4.1.1"/>
         <property name="dbServerInfo" value="MySQL 5.6.20"/>
         <property name="browser" value="Chrome 70.0.3538.77"/>
         <property name="hostAddress" value="192.168.1.142"/>
         <property name="sessionId" value="c0727d71cfa88dd6eb7da9177b12fd81"/>
         <property name="seleniumVersion" value="3.7.1"/>
         <property name="proxyInformation" value="ProxyInformation{proxyOption=NO_PROXY, proxyServerType=HTTP, password=, proxyServerAddress=, proxyServerPort=0}"/>
         <property name="platform" value="Windows 7"/>
      </properties>
      <testcase name="Test Cases/Common/LoginAsSuperAdmin" classname="Test Cases/Common/LoginAsSuperAdmin" status="PASSED">
         <system-out><![CDATA[2018-11-01 16:35:02 - [TEST_CASE][PASSED] - Test Cases/Common/LoginAsSuperAdmin: Test Cases/Common/LoginAsSuperAdmin

2018-11-01 16:35:03 - [TEST_STEP][PASSED] - Statement - dbdata = com.kms.katalon.core.testdata.TestDataFactory.findTestData(adminDetails): Reading database data with query 'SELECT * FROM katalon_saranya_16_oct_18.users'

2018-11-01 16:35:04 - [TEST_STEP][PASSED] - Statement - userName = dbdata.getValue(5, 2): null

2018-11-01 16:35:04 - [TEST_STEP][PASSED] - Statement - password = dbdata.getValue(2, 2): null

2018-11-01 16:35:04 - [TEST_STEP][PASSED] - phpTravels.commonUtils.loginToPHPTravels: phpTravels.commonUtils.loginToPHPTravels is PASSED

2018-11-01 16:35:08 - [MESSAGE][PASSED] - Browser is opened with url: ''

2018-11-01 16:35:11 - [MESSAGE][PASSED] - Navigate to 'https://www.phptravels.net/admin' successfully

2018-11-01 16:35:12 - [MESSAGE][PASSED] - Current window maximized

2018-11-01 16:35:12 - [MESSAGE][PASSED] - Text 'admin@phptravels.com' is set on object 'Object Repository/common/super_admin/Page_Administator Login/input_email'

2018-11-01 16:35:13 - [MESSAGE][PASSED] - Text 'demoadmin' is set on object 'Object Repository/common/super_admin/Page_Administator Login/input_password'

2018-11-01 16:35:13 - [MESSAGE][PASSED] - Object: 'Object Repository/common/super_admin/Page_Administator Login/button_Login' is clicked on

2018-11-01 16:35:13 - [MESSAGE][PASSED] - phpTravels.commonUtils.loginToPHPTravels is PASSED]]></system-out>
         <system-err><![CDATA[]]></system-err>
      </testcase>
      <testcase name="Test Cases/CreateUser/CreateNewAdmin" classname="Test Cases/CreateUser/CreateNewAdmin" status="PASSED">
         <system-out><![CDATA[2018-11-01 16:35:13 - [TEST_CASE][PASSED] - Test Cases/CreateUser/CreateNewAdmin: Test Cases/CreateUser/CreateNewAdmin

2018-11-01 16:35:14 - [TEST_STEP][PASSED] - phpTravels.PhpKeys.navigateToCreateAdminPage: phpTravels.PhpKeys.navigateToCreateAdminPage is PASSED

2018-11-01 16:35:19 - [MESSAGE][PASSED] - Object: 'Object Repository/user/create_new_admin/Page_Dashboard/a_Accounts' is clicked on

2018-11-01 16:35:22 - [MESSAGE][PASSED] - Object: 'Object Repository/user/create_new_admin/Page_Dashboard/a_Admins' is clicked on

2018-11-01 16:35:24 - [MESSAGE][PASSED] - Object: 'Object Repository/user/create_new_admin/Page_Admins Management/button_Add' is clicked on

2018-11-01 16:35:24 - [MESSAGE][PASSED] - phpTravels.PhpKeys.navigateToCreateAdminPage is PASSED

2018-11-01 16:35:24 - [TEST_STEP][PASSED] - phpTravels.PhpKeys.provideAdminDetails: phpTravels.PhpKeys.provideAdminDetails is PASSED

2018-11-01 16:35:24 - [MESSAGE][PASSED] - Text 'Saranya' is set on object 'Object Repository/user/create_new_admin/Page_Add Admin/input_fname'

2018-11-01 16:35:24 - [MESSAGE][PASSED] - Text 'Rohit' is set on object 'Object Repository/user/create_new_admin/Page_Add Admin/input_lname'

2018-11-01 16:35:25 - [MESSAGE][PASSED] - Text 'sj@demo.com' is set on object 'Object Repository/user/create_new_admin/Page_Add Admin/input_email'

2018-11-01 16:35:25 - [MESSAGE][PASSED] - Text 'Password1!' is set on object 'Object Repository/user/create_new_admin/Page_Add Admin/input_password'

2018-11-01 16:35:25 - [MESSAGE][PASSED] - Text '8301256958' is set on object 'Object Repository/user/create_new_admin/Page_Add Admin/input_mobile'

2018-11-01 16:35:26 - [MESSAGE][PASSED] - Object: 'Object Repository/user/create_new_admin/Page_Add Admin/autocomplete_country1' is clicked on

2018-11-01 16:35:26 - [MESSAGE][PASSED] - Object: 'Object Repository/user/create_new_admin/Page_Add Admin/autocomplete_country2' is clicked on

2018-11-01 16:35:26 - [MESSAGE][PASSED] - Text 'India' is set on object 'Object Repository/user/create_new_admin/Page_Add Admin/autocomplete_country2'

2018-11-01 16:35:26 - [MESSAGE][PASSED] - Object: 'Object Repository/user/create_new_admin/Page_Add Admin/autocomplete_country3' is clicked on

2018-11-01 16:35:27 - [MESSAGE][PASSED] - Text 'Rakendu,ABRA365' is set on object 'Object Repository/user/create_new_admin/Page_Add Admin/input_address1'

2018-11-01 16:35:27 - [MESSAGE][PASSED] - Text 'church road' is set on object 'Object Repository/user/create_new_admin/Page_Add Admin/input_address2'

2018-11-01 16:35:27 - [MESSAGE][PASSED] - All options with index in [0] are selected on object 'Object Repository/user/create_new_admin/Page_Add Admin/select_status'

2018-11-01 16:35:27 - [MESSAGE][PASSED] - phpTravels.PhpKeys.provideAdminDetails is PASSED

2018-11-01 16:35:27 - [TEST_STEP][PASSED] - phpTravels.PhpKeys.provideAccessDetailsForAdd: phpTravels.PhpKeys.provideAccessDetailsForAdd is PASSED

2018-11-01 16:35:27 - [MESSAGE][PASSED] - Object 'Object Repository/common/Access/add/Page_Add Admin/checkbox_all' is checked

2018-11-01 16:35:27 - [MESSAGE][PASSED] - Object 'Object Repository/common/Access/add/Page_Add Admin/checkbox_all' is checked

2018-11-01 16:35:28 - [MESSAGE][PASSED] - Object 'Object Repository/common/Access/add/Page_Add Admin/checkbox_all' is checked

2018-11-01 16:35:28 - [MESSAGE][PASSED] - Object 'Object Repository/common/Access/add/Page_Add Admin/checkbox_all' is checked

2018-11-01 16:35:28 - [MESSAGE][PASSED] - Object 'Object Repository/common/Access/add/Page_Add Admin/checkbox_all' is checked

2018-11-01 16:35:28 - [MESSAGE][PASSED] - phpTravels.PhpKeys.provideAccessDetailsForAdd is PASSED

2018-11-01 16:35:28 - [TEST_STEP][PASSED] - phpTravels.PhpKeys.provideAccessDetailsForEdit: phpTravels.PhpKeys.provideAccessDetailsForEdit is PASSED

2018-11-01 16:35:28 - [MESSAGE][PASSED] - Object 'Object Repository/common/Access/edit/Page_Add Admin/checkbox_all' is checked

2018-11-01 16:35:28 - [MESSAGE][PASSED] - Object 'Object Repository/common/Access/edit/Page_Add Admin/checkbox_all' is checked

2018-11-01 16:35:28 - [MESSAGE][PASSED] - Object 'Object Repository/common/Access/edit/Page_Add Admin/checkbox_all' is checked

2018-11-01 16:35:28 - [MESSAGE][PASSED] - Object 'Object Repository/common/Access/edit/Page_Add Admin/checkbox_all' is checked

2018-11-01 16:35:29 - [MESSAGE][PASSED] - Object 'Object Repository/common/Access/edit/Page_Add Admin/checkbox_all' is checked

2018-11-01 16:35:29 - [MESSAGE][PASSED] - phpTravels.PhpKeys.provideAccessDetailsForEdit is PASSED

2018-11-01 16:35:29 - [TEST_STEP][PASSED] - phpTravels.PhpKeys.provideAccessDetailsForRemove: phpTravels.PhpKeys.provideAccessDetailsForRemove is PASSED

2018-11-01 16:35:29 - [MESSAGE][PASSED] - Browser is scrolled to position x = 9999999, y = 9999999

2018-11-01 16:35:29 - [MESSAGE][PASSED] - Object 'Object Repository/common/Access/remove/Page_Add Admin/checkbox_all' is checked

2018-11-01 16:35:29 - [MESSAGE][PASSED] - Object 'Object Repository/common/Access/remove/Page_Add Admin/checkbox_all' is checked

2018-11-01 16:35:29 - [MESSAGE][PASSED] - Object 'Object Repository/common/Access/remove/Page_Add Admin/checkbox_all' is checked

2018-11-01 16:35:29 - [MESSAGE][PASSED] - Object 'Object Repository/common/Access/remove/Page_Add Admin/checkbox_all' is checked

2018-11-01 16:35:29 - [MESSAGE][PASSED] - Object 'Object Repository/common/Access/remove/Page_Add Admin/checkbox_all' is checked

2018-11-01 16:35:29 - [MESSAGE][PASSED] - phpTravels.PhpKeys.provideAccessDetailsForRemove is PASSED

2018-11-01 16:35:29 - [TEST_STEP][PASSED] - phpTravels.PhpKeys.saveAdmin: phpTravels.PhpKeys.saveAdmin is PASSED

2018-11-01 16:35:31 - [MESSAGE][PASSED] - Object: 'Object Repository/user/create_new_admin/Page_Update Admin/button_Submit' is clicked on

2018-11-01 16:35:32 - [MESSAGE][PASSED] - Wait for page load successfully

2018-11-01 16:35:32 - [MESSAGE][PASSED] - Object 'Object Repository/user/create_new_admin/Page_Update Admin/table_Admin' is present

2018-11-01 16:35:32 - [MESSAGE][PASSED] - phpTravels.PhpKeys.saveAdmin is PASSED

2018-11-01 16:35:32 - [TEST_STEP][PASSED] - phpTravels.commonUtils.logoutPHPTravels: phpTravels.commonUtils.logoutPHPTravels is PASSED

2018-11-01 16:35:33 - [MESSAGE][PASSED] - Object: 'Object Repository/common/button_Logout' is clicked on

2018-11-01 16:35:33 - [MESSAGE][PASSED] - phpTravels.commonUtils.logoutPHPTravels is PASSED]]></system-out>
         <system-err><![CDATA[]]></system-err>
      </testcase>
      <testcase name="Test Cases/Common/LoginAsNewAdmin" classname="Test Cases/Common/LoginAsNewAdmin" status="PASSED">
         <system-out><![CDATA[2018-11-01 16:35:33 - [TEST_CASE][PASSED] - Test Cases/Common/LoginAsNewAdmin: Test Cases/Common/LoginAsNewAdmin

2018-11-01 16:35:33 - [TEST_STEP][PASSED] - Statement - dbdata = com.kms.katalon.core.testdata.TestDataFactory.findTestData(adminDetails): Reading database data with query 'SELECT * FROM katalon_saranya_16_oct_18.users'

2018-11-01 16:35:33 - [TEST_STEP][PASSED] - Statement - userName = dbdata.getValue(5, 1): null

2018-11-01 16:35:33 - [TEST_STEP][PASSED] - Statement - password = dbdata.getValue(2, 1): null

2018-11-01 16:35:33 - [TEST_STEP][PASSED] - phpTravels.commonUtils.loginToPHPTravels: phpTravels.commonUtils.loginToPHPTravels is PASSED

2018-11-01 16:35:33 - [MESSAGE][WARNING] - A browser is already opened. Closing browser and opening a new one

2018-11-01 16:35:36 - [MESSAGE][PASSED] - Browser is opened with url: ''

2018-11-01 16:35:39 - [MESSAGE][PASSED] - Navigate to 'https://www.phptravels.net/admin' successfully

2018-11-01 16:35:40 - [MESSAGE][PASSED] - Current window maximized

2018-11-01 16:35:40 - [MESSAGE][PASSED] - Text 'sj@demo.com' is set on object 'Object Repository/common/super_admin/Page_Administator Login/input_email'

2018-11-01 16:35:40 - [MESSAGE][PASSED] - Text 'Password1!' is set on object 'Object Repository/common/super_admin/Page_Administator Login/input_password'

2018-11-01 16:35:40 - [MESSAGE][PASSED] - Object: 'Object Repository/common/super_admin/Page_Administator Login/button_Login' is clicked on

2018-11-01 16:35:40 - [MESSAGE][PASSED] - phpTravels.commonUtils.loginToPHPTravels is PASSED]]></system-out>
         <system-err><![CDATA[]]></system-err>
      </testcase>
      <testcase name="Test Cases/CreateTour/CreateATour" classname="Test Cases/CreateTour/CreateATour" status="PASSED">
         <system-out><![CDATA[2018-11-01 16:35:40 - [TEST_CASE][PASSED] - Test Cases/CreateTour/CreateATour: Test Cases/CreateTour/CreateATour

2018-11-01 16:35:41 - [TEST_STEP][PASSED] - phpTravels.TourKeys.navigateToNewTour: phpTravels.TourKeys.navigateToNewTour is PASSED

2018-11-01 16:35:45 - [MESSAGE][PASSED] - Object: 'Object Repository/create_Tour/Page_Tours Management/a_Tours' is clicked on

2018-11-01 16:35:52 - [MESSAGE][PASSED] - Object: 'Object Repository/create_Tour/Page_Tours Management/a_Add New' is clicked on

2018-11-01 16:35:52 - [MESSAGE][PASSED] - phpTravels.TourKeys.navigateToNewTour is PASSED

2018-11-01 16:35:52 - [TEST_STEP][PASSED] - phpTravels.TourKeys.provideTourDetails: phpTravels.TourKeys.provideTourDetails is PASSED

2018-11-01 16:35:52 - [MESSAGE][PASSED] - All options with value 'Yes' are selected in object 'Object Repository/create_Tour/Page_Add Tour/select_TourStatus'  using regular expression

2018-11-01 16:35:53 - [MESSAGE][PASSED] - Text 'Trip to Ootty' is set on object 'Object Repository/create_Tour/Page_Add Tour/input_tourname'

2018-11-01 16:35:53 - [MESSAGE][PASSED] - Object: 'Object Repository/create_Tour/Page_Add Tour/iframeBody' is clicked on

2018-11-01 16:35:54 - [MESSAGE][PASSED] - Text 'Enjoy Holidays with Family' is set on object 'Object Repository/create_Tour/Page_Add Tour/iframeBody'

2018-11-01 16:35:54 - [MESSAGE][PASSED] - Text '2' is set on object 'Object Repository/create_Tour/Page_Add Tour/input_maxadult'

2018-11-01 16:35:54 - [MESSAGE][PASSED] - Text '1000' is set on object 'Object Repository/create_Tour/Page_Add Tour/input_adultprice'

2018-11-01 16:35:54 - [MESSAGE][PASSED] - Browser is scrolled to position x = 9999999, y = 9999999

2018-11-01 16:35:54 - [MESSAGE][PASSED] - Object: 'Object Repository/create_Tour/Page_Add Tour/span_EnableChild' is clicked on

2018-11-01 16:35:54 - [MESSAGE][PASSED] - Text '1' is set on object 'Object Repository/create_Tour/Page_Add Tour/input_maxchild'

2018-11-01 16:35:55 - [MESSAGE][PASSED] - Text '500' is set on object 'Object Repository/create_Tour/Page_Add Tour/input_childprice'

2018-11-01 16:35:55 - [MESSAGE][PASSED] - Object: 'Object Repository/create_Tour/Page_Add Tour/span_EnableInfant' is clicked on

2018-11-01 16:35:55 - [MESSAGE][PASSED] - Text '1' is set on object 'Object Repository/create_Tour/Page_Add Tour/input_maxinfant'

2018-11-01 16:35:55 - [MESSAGE][PASSED] - Text '250' is set on object 'Object Repository/create_Tour/Page_Add Tour/input_infantprice'

2018-11-01 16:35:56 - [MESSAGE][PASSED] - All options with value '4' are selected in object 'Object Repository/create_Tour/Page_Add Tour/select_Select'  using regular expression

2018-11-01 16:35:56 - [MESSAGE][PASSED] - Text '4' is set on object 'Object Repository/create_Tour/Page_Add Tour/input_tourdays'

2018-11-01 16:35:56 - [MESSAGE][PASSED] - Text '3' is set on object 'Object Repository/create_Tour/Page_Add Tour/input_tournights'

2018-11-01 16:35:56 - [MESSAGE][PASSED] - Object: 'Object Repository/create_Tour/Page_Add Tour/select_TourType' is clicked on

2018-11-01 16:35:56 - [MESSAGE][PASSED] - Object: 'Object Repository/create_Tour/Page_Add Tour/select_TourTypeOption' is clicked on

2018-11-01 16:35:57 - [MESSAGE][PASSED] - All options with value 'yes' are selected in object 'Object Repository/create_Tour/Page_Add Tour/select_Featured'  using regular expression

2018-11-01 16:35:57 - [MESSAGE][PASSED] - Object: 'Object Repository/create_Tour/Page_Add Tour/autocomplete_Location1' is clicked on

2018-11-01 16:35:57 - [MESSAGE][PASSED] - Text 'Beatric' is set on object 'Object Repository/create_Tour/Page_Add Tour/autocomplete_Location2'

2018-11-01 16:35:58 - [MESSAGE][PASSED] - Object: 'Object Repository/create_Tour/Page_Add Tour/autocomplete_Location3' is clicked on

2018-11-01 16:35:58 - [MESSAGE][PASSED] - phpTravels.TourKeys.provideTourDetails is PASSED

2018-11-01 16:35:58 - [TEST_STEP][PASSED] - phpTravels.TourKeys.provideTourInclusions: phpTravels.TourKeys.provideTourInclusions is PASSED

2018-11-01 16:35:58 - [MESSAGE][PASSED] - Object: 'Object Repository/create_Tour/Page_Add Tour/a_Inclusions' is clicked on

2018-11-01 16:35:58 - [MESSAGE][PASSED] - Wait for page load successfully

2018-11-01 16:35:59 - [MESSAGE][PASSED] - Object: 'Object Repository/create_Tour/Page_Add Tour/checkbox_Inclusions' is clicked on

2018-11-01 16:35:59 - [MESSAGE][PASSED] - Object: 'Object Repository/create_Tour/Page_Add Tour/checkbox_Inclusions' is clicked on

2018-11-01 16:35:59 - [MESSAGE][PASSED] - Object: 'Object Repository/create_Tour/Page_Add Tour/checkbox_Inclusions' is clicked on

2018-11-01 16:35:59 - [MESSAGE][PASSED] - Object: 'Object Repository/create_Tour/Page_Add Tour/checkbox_Inclusions' is clicked on

2018-11-01 16:35:59 - [MESSAGE][PASSED] - Object: 'Object Repository/create_Tour/Page_Add Tour/checkbox_Inclusions' is clicked on

2018-11-01 16:36:00 - [MESSAGE][PASSED] - Object: 'Object Repository/create_Tour/Page_Add Tour/checkbox_Inclusions' is clicked on

2018-11-01 16:36:00 - [MESSAGE][PASSED] - Object: 'Object Repository/create_Tour/Page_Add Tour/checkbox_Inclusions' is clicked on

2018-11-01 16:36:00 - [MESSAGE][PASSED] - Object: 'Object Repository/create_Tour/Page_Add Tour/checkbox_Inclusions' is clicked on

2018-11-01 16:36:00 - [MESSAGE][PASSED] - Object: 'Object Repository/create_Tour/Page_Add Tour/checkbox_Inclusions' is clicked on

2018-11-01 16:36:00 - [MESSAGE][PASSED] - Object: 'Object Repository/create_Tour/Page_Add Tour/checkbox_Inclusions' is clicked on

2018-11-01 16:36:00 - [MESSAGE][PASSED] - Object: 'Object Repository/create_Tour/Page_Add Tour/checkbox_Inclusions' is clicked on

2018-11-01 16:36:00 - [MESSAGE][PASSED] - Object: 'Object Repository/create_Tour/Page_Add Tour/checkbox_Inclusions' is clicked on

2018-11-01 16:36:01 - [MESSAGE][PASSED] - Object: 'Object Repository/create_Tour/Page_Add Tour/checkbox_Inclusions' is clicked on

2018-11-01 16:36:01 - [MESSAGE][PASSED] - Object: 'Object Repository/create_Tour/Page_Add Tour/checkbox_Inclusions' is clicked on

2018-11-01 16:36:01 - [MESSAGE][PASSED] - Object: 'Object Repository/create_Tour/Page_Add Tour/checkbox_Inclusions' is clicked on

2018-11-01 16:36:01 - [MESSAGE][PASSED] - Object: 'Object Repository/create_Tour/Page_Add Tour/checkbox_Inclusions' is clicked on

2018-11-01 16:36:01 - [MESSAGE][PASSED] - Object: 'Object Repository/create_Tour/Page_Add Tour/checkbox_Inclusions' is clicked on

2018-11-01 16:36:01 - [MESSAGE][PASSED] - Object: 'Object Repository/create_Tour/Page_Add Tour/checkbox_Inclusions' is clicked on

2018-11-01 16:36:01 - [MESSAGE][PASSED] - Object: 'Object Repository/create_Tour/Page_Add Tour/checkbox_Inclusions' is clicked on

2018-11-01 16:36:01 - [MESSAGE][PASSED] - Object: 'Object Repository/create_Tour/Page_Add Tour/checkbox_Inclusions' is clicked on

2018-11-01 16:36:01 - [MESSAGE][PASSED] - Object: 'Object Repository/create_Tour/Page_Add Tour/checkbox_Inclusions' is clicked on

2018-11-01 16:36:02 - [MESSAGE][PASSED] - Object: 'Object Repository/create_Tour/Page_Add Tour/checkbox_Inclusions' is clicked on

2018-11-01 16:36:02 - [MESSAGE][PASSED] - Object: 'Object Repository/create_Tour/Page_Add Tour/checkbox_Inclusions' is clicked on

2018-11-01 16:36:02 - [MESSAGE][PASSED] - Object: 'Object Repository/create_Tour/Page_Add Tour/checkbox_Inclusions' is clicked on

2018-11-01 16:36:02 - [MESSAGE][PASSED] - Object: 'Object Repository/create_Tour/Page_Add Tour/checkbox_Inclusions' is clicked on

2018-11-01 16:36:02 - [MESSAGE][PASSED] - Object: 'Object Repository/create_Tour/Page_Add Tour/checkbox_Inclusions' is clicked on

2018-11-01 16:36:02 - [MESSAGE][PASSED] - Object: 'Object Repository/create_Tour/Page_Add Tour/checkbox_Inclusions' is clicked on

2018-11-01 16:36:02 - [MESSAGE][PASSED] - Object: 'Object Repository/create_Tour/Page_Add Tour/checkbox_Inclusions' is clicked on

2018-11-01 16:36:02 - [MESSAGE][PASSED] - Object: 'Object Repository/create_Tour/Page_Add Tour/checkbox_Inclusions' is clicked on

2018-11-01 16:36:02 - [MESSAGE][PASSED] - Object: 'Object Repository/create_Tour/Page_Add Tour/checkbox_Inclusions' is clicked on

2018-11-01 16:36:03 - [MESSAGE][PASSED] - Object: 'Object Repository/create_Tour/Page_Add Tour/checkbox_Inclusions' is clicked on

2018-11-01 16:36:03 - [MESSAGE][PASSED] - Object: 'Object Repository/create_Tour/Page_Add Tour/checkbox_Inclusions' is clicked on

2018-11-01 16:36:03 - [MESSAGE][PASSED] - Object: 'Object Repository/create_Tour/Page_Add Tour/checkbox_Inclusions' is clicked on

2018-11-01 16:36:03 - [MESSAGE][PASSED] - Object: 'Object Repository/create_Tour/Page_Add Tour/checkbox_Inclusions' is clicked on

2018-11-01 16:36:03 - [MESSAGE][PASSED] - Object: 'Object Repository/create_Tour/Page_Add Tour/checkbox_Inclusions' is clicked on

2018-11-01 16:36:03 - [MESSAGE][PASSED] - Object: 'Object Repository/create_Tour/Page_Add Tour/checkbox_Inclusions' is clicked on

2018-11-01 16:36:03 - [MESSAGE][PASSED] - Object: 'Object Repository/create_Tour/Page_Add Tour/checkbox_Inclusions' is clicked on

2018-11-01 16:36:03 - [MESSAGE][PASSED] - phpTravels.TourKeys.provideTourInclusions is PASSED

2018-11-01 16:36:03 - [TEST_STEP][PASSED] - phpTravels.TourKeys.provideTourExclusions: phpTravels.TourKeys.provideTourExclusions is PASSED

2018-11-01 16:36:03 - [MESSAGE][PASSED] - Object: 'Object Repository/create_Tour/Page_Add Tour/a_Exclusions' is clicked on

2018-11-01 16:36:03 - [MESSAGE][PASSED] - Wait for page load successfully

2018-11-01 16:36:04 - [MESSAGE][PASSED] - Object: 'Object Repository/create_Tour/Page_Add Tour/checkbox_Exclusions' is clicked on

2018-11-01 16:36:04 - [MESSAGE][PASSED] - Object: 'Object Repository/create_Tour/Page_Add Tour/checkbox_Exclusions' is clicked on

2018-11-01 16:36:04 - [MESSAGE][PASSED] - Object: 'Object Repository/create_Tour/Page_Add Tour/checkbox_Exclusions' is clicked on

2018-11-01 16:36:04 - [MESSAGE][PASSED] - Object: 'Object Repository/create_Tour/Page_Add Tour/checkbox_Exclusions' is clicked on

2018-11-01 16:36:04 - [MESSAGE][PASSED] - Object: 'Object Repository/create_Tour/Page_Add Tour/checkbox_Exclusions' is clicked on

2018-11-01 16:36:04 - [MESSAGE][PASSED] - Object: 'Object Repository/create_Tour/Page_Add Tour/checkbox_Exclusions' is clicked on

2018-11-01 16:36:04 - [MESSAGE][PASSED] - Object: 'Object Repository/create_Tour/Page_Add Tour/checkbox_Exclusions' is clicked on

2018-11-01 16:36:05 - [MESSAGE][PASSED] - Object: 'Object Repository/create_Tour/Page_Add Tour/checkbox_Exclusions' is clicked on

2018-11-01 16:36:05 - [MESSAGE][PASSED] - phpTravels.TourKeys.provideTourExclusions is PASSED

2018-11-01 16:36:05 - [TEST_STEP][PASSED] - phpTravels.TourKeys.SaveTour: phpTravels.TourKeys.SaveTour is PASSED

2018-11-01 16:36:05 - [MESSAGE][PASSED] - Object: 'Object Repository/common/button_Submit' is clicked on

2018-11-01 16:36:10 - [MESSAGE][PASSED] - Object 'Object Repository/create_Tour/Page_Add Tour/table_Tour' is present

2018-11-01 16:36:10 - [MESSAGE][PASSED] - phpTravels.TourKeys.SaveTour is PASSED]]></system-out>
         <system-err><![CDATA[]]></system-err>
      </testcase>
      <testcase name="Test Cases/CreateUser/CreateNewSupplier" classname="Test Cases/CreateUser/CreateNewSupplier" status="PASSED">
         <system-out><![CDATA[2018-11-01 16:36:10 - [TEST_CASE][PASSED] - Test Cases/CreateUser/CreateNewSupplier: Test Cases/CreateUser/CreateNewSupplier

2018-11-01 16:36:10 - [TEST_STEP][PASSED] - phpTravels.SupplierKeys.navigateToCreateSupplierPage: phpTravels.SupplierKeys.navigateToCreateSupplierPage is PASSED

2018-11-01 16:36:10 - [MESSAGE][PASSED] - Object: 'Object Repository/user/create_new_supplier/Page_Dashboard/a_Accounts' is clicked on

2018-11-01 16:36:12 - [MESSAGE][PASSED] - Object: 'Object Repository/user/create_new_supplier/Page_Dashboard/a_Suppliers' is clicked on

2018-11-01 16:36:14 - [MESSAGE][PASSED] - Object: 'Object Repository/user/create_new_supplier/Page_Suppliers Management/button_Add' is clicked on

2018-11-01 16:36:14 - [MESSAGE][PASSED] - phpTravels.SupplierKeys.navigateToCreateSupplierPage is PASSED

2018-11-01 16:36:14 - [TEST_STEP][PASSED] - phpTravels.SupplierKeys.provideSupplierDetails: phpTravels.SupplierKeys.provideSupplierDetails is PASSED

2018-11-01 16:36:15 - [MESSAGE][PASSED] - Text 'Sukanya' is set on object 'Object Repository/user/create_new_supplier/Page_Add Supplier/input_fname'

2018-11-01 16:36:15 - [MESSAGE][PASSED] - Text 'J' is set on object 'Object Repository/user/create_new_supplier/Page_Add Supplier/input_lname'

2018-11-01 16:36:16 - [MESSAGE][PASSED] - Text 'saranya@demo.com' is set on object 'Object Repository/user/create_new_supplier/Page_Add Supplier/input_email'

2018-11-01 16:36:16 - [MESSAGE][PASSED] - Text 'password1!' is set on object 'Object Repository/user/create_new_supplier/Page_Add Supplier/input_password'

2018-11-01 16:36:16 - [MESSAGE][PASSED] - Text '8301089504' is set on object 'Object Repository/user/create_new_supplier/Page_Add Supplier/input_mobile'

2018-11-01 16:36:17 - [MESSAGE][PASSED] - Object: 'Object Repository/user/create_new_supplier/Page_Add Supplier/autocomplete_Country1' is clicked on

2018-11-01 16:36:17 - [MESSAGE][PASSED] - Object: 'Object Repository/user/create_new_supplier/Page_Add Supplier/autocomplete_Country2' is clicked on

2018-11-01 16:36:17 - [MESSAGE][PASSED] - Text 'India' is set on object 'Object Repository/user/create_new_supplier/Page_Add Supplier/autocomplete_Country2'

2018-11-01 16:36:17 - [MESSAGE][PASSED] - Object: 'Object Repository/user/create_new_supplier/Page_Add Supplier/autocomplete_Country3' is clicked on

2018-11-01 16:36:18 - [MESSAGE][PASSED] - Text 'Rakendu,ABRA352' is set on object 'Object Repository/user/create_new_supplier/Page_Add Supplier/input_address1'

2018-11-01 16:36:18 - [MESSAGE][PASSED] - Text 'Annooor, Church road' is set on object 'Object Repository/user/create_new_supplier/Page_Add Supplier/input_address2'

2018-11-01 16:36:18 - [MESSAGE][PASSED] - All options with value 'yes' are selected in object 'Object Repository/user/create_new_supplier/Page_Add Supplier/select_Status'  using regular expression

2018-11-01 16:36:19 - [MESSAGE][PASSED] - All options with value 'Tours' are selected in object 'Object Repository/user/create_new_supplier/Page_Add Supplier/select_SupplyFor'  using regular expression

2018-11-01 16:36:19 - [MESSAGE][PASSED] - Text 'Saranya' is set on object 'Object Repository/user/create_new_supplier/Page_Add Supplier/input_Name'

2018-11-01 16:36:19 - [MESSAGE][PASSED] - Object: 'Object Repository/user/create_new_supplier/Page_Add Supplier/autocomplete_AssignHotel' is clicked on

2018-11-01 16:36:19 - [MESSAGE][PASSED] - Object: 'Object Repository/user/create_new_supplier/Page_Add Supplier/autocomplete_AssignHotel2' is clicked on

2018-11-01 16:36:19 - [MESSAGE][PASSED] - Object: 'Object Repository/user/create_new_supplier/Page_Add Supplier/autocomplete_AssignTour1' is clicked on

2018-11-01 16:36:19 - [MESSAGE][PASSED] - Object: 'Object Repository/user/create_new_supplier/Page_Add Supplier/autocomplete_AssignTour2' is clicked on

2018-11-01 16:36:19 - [MESSAGE][PASSED] - Object: 'Object Repository/user/create_new_supplier/Page_Add Supplier/autocomplete_Cars1' is clicked on

2018-11-01 16:36:20 - [MESSAGE][PASSED] - Object: 'Object Repository/user/create_new_supplier/Page_Add Supplier/autocomplete_Cars2' is clicked on

2018-11-01 16:36:20 - [MESSAGE][PASSED] - phpTravels.SupplierKeys.provideSupplierDetails is PASSED

2018-11-01 16:36:20 - [TEST_STEP][PASSED] - phpTravels.SupplierKeys.provideAccessDetailsForAdd: phpTravels.SupplierKeys.provideAccessDetailsForAdd is PASSED

2018-11-01 16:36:20 - [MESSAGE][PASSED] - Object 'Object Repository/common/Access/add/Page_Add Admin/checkbox_all' is checked

2018-11-01 16:36:20 - [MESSAGE][PASSED] - Object 'Object Repository/common/Access/add/Page_Add Admin/checkbox_all' is checked

2018-11-01 16:36:20 - [MESSAGE][PASSED] - Object 'Object Repository/common/Access/add/Page_Add Admin/checkbox_all' is checked

2018-11-01 16:36:20 - [MESSAGE][PASSED] - Object 'Object Repository/common/Access/add/Page_Add Admin/checkbox_all' is checked

2018-11-01 16:36:20 - [MESSAGE][PASSED] - Object 'Object Repository/common/Access/add/Page_Add Admin/checkbox_all' is checked

2018-11-01 16:36:20 - [MESSAGE][PASSED] - phpTravels.SupplierKeys.provideAccessDetailsForAdd is PASSED

2018-11-01 16:36:20 - [TEST_STEP][PASSED] - phpTravels.SupplierKeys.provideAccessDetailsForEdit: phpTravels.SupplierKeys.provideAccessDetailsForEdit is PASSED

2018-11-01 16:36:21 - [MESSAGE][PASSED] - Object 'Object Repository/common/Access/edit/Page_Add Admin/checkbox_all' is checked

2018-11-01 16:36:21 - [MESSAGE][PASSED] - Object 'Object Repository/common/Access/edit/Page_Add Admin/checkbox_all' is checked

2018-11-01 16:36:21 - [MESSAGE][PASSED] - Object 'Object Repository/common/Access/edit/Page_Add Admin/checkbox_all' is checked

2018-11-01 16:36:21 - [MESSAGE][PASSED] - Object 'Object Repository/common/Access/edit/Page_Add Admin/checkbox_all' is checked

2018-11-01 16:36:21 - [MESSAGE][PASSED] - Object 'Object Repository/common/Access/edit/Page_Add Admin/checkbox_all' is checked

2018-11-01 16:36:21 - [MESSAGE][PASSED] - phpTravels.SupplierKeys.provideAccessDetailsForEdit is PASSED

2018-11-01 16:36:21 - [TEST_STEP][PASSED] - phpTravels.SupplierKeys.provideAccessDetailsForRemove: phpTravels.SupplierKeys.provideAccessDetailsForRemove is PASSED

2018-11-01 16:36:21 - [MESSAGE][PASSED] - Browser is scrolled to position x = 9999999, y = 9999999

2018-11-01 16:36:21 - [MESSAGE][PASSED] - Object 'Object Repository/common/Access/remove/Page_Add Admin/checkbox_all' is checked

2018-11-01 16:36:21 - [MESSAGE][PASSED] - Object 'Object Repository/common/Access/remove/Page_Add Admin/checkbox_all' is checked

2018-11-01 16:36:22 - [MESSAGE][PASSED] - Object 'Object Repository/common/Access/remove/Page_Add Admin/checkbox_all' is checked

2018-11-01 16:36:22 - [MESSAGE][PASSED] - Object 'Object Repository/common/Access/remove/Page_Add Admin/checkbox_all' is checked

2018-11-01 16:36:22 - [MESSAGE][PASSED] - Object 'Object Repository/common/Access/remove/Page_Add Admin/checkbox_all' is checked

2018-11-01 16:36:22 - [MESSAGE][PASSED] - phpTravels.SupplierKeys.provideAccessDetailsForRemove is PASSED

2018-11-01 16:36:22 - [TEST_STEP][PASSED] - phpTravels.SupplierKeys.saveSupplier: phpTravels.SupplierKeys.saveSupplier is PASSED

2018-11-01 16:36:25 - [MESSAGE][PASSED] - Object: 'Object Repository/common/button_Submit' is clicked on

2018-11-01 16:36:25 - [MESSAGE][PASSED] - Wait for page load successfully

2018-11-01 16:36:25 - [MESSAGE][PASSED] - Object 'Object Repository/user/create_new_supplier/Page_Suppliers Management/table_Supplier' is present

2018-11-01 16:36:25 - [MESSAGE][PASSED] - phpTravels.SupplierKeys.saveSupplier is PASSED

2018-11-01 16:36:25 - [TEST_STEP][PASSED] - phpTravels.commonUtils.logoutPHPTravels: phpTravels.commonUtils.logoutPHPTravels is PASSED

2018-11-01 16:36:26 - [MESSAGE][PASSED] - Object: 'Object Repository/common/button_Logout' is clicked on

2018-11-01 16:36:26 - [MESSAGE][PASSED] - phpTravels.commonUtils.logoutPHPTravels is PASSED]]></system-out>
         <system-err><![CDATA[]]></system-err>
      </testcase>
      <testcase name="Test Cases/Common/DeleteAllTestData" classname="Test Cases/Common/DeleteAllTestData" status="PASSED">
         <system-out><![CDATA[2018-11-01 16:36:26 - [TEST_CASE][PASSED] - Test Cases/Common/DeleteAllTestData: Test Cases/Common/DeleteAllTestData

2018-11-01 16:36:26 - [TEST_STEP][PASSED] - callTestCase: Call Test Case 'Test Cases/Common/LoginAsSuperAdmin' successfully

2018-11-01 16:36:26 - [TEST_CASE][PASSED] - Test Cases/Common/LoginAsSuperAdmin: Test Cases/Common/LoginAsSuperAdmin

2018-11-01 16:36:26 - [TEST_STEP][PASSED] - Statement - dbdata = com.kms.katalon.core.testdata.TestDataFactory.findTestData(adminDetails): Reading database data with query 'SELECT * FROM katalon_saranya_16_oct_18.users'

2018-11-01 16:36:26 - [TEST_STEP][PASSED] - Statement - userName = dbdata.getValue(5, 2): null

2018-11-01 16:36:26 - [TEST_STEP][PASSED] - Statement - password = dbdata.getValue(2, 2): null

2018-11-01 16:36:26 - [TEST_STEP][PASSED] - phpTravels.commonUtils.loginToPHPTravels: phpTravels.commonUtils.loginToPHPTravels is PASSED

2018-11-01 16:36:26 - [MESSAGE][WARNING] - A browser is already opened. Closing browser and opening a new one

2018-11-01 16:36:30 - [MESSAGE][PASSED] - Browser is opened with url: ''

2018-11-01 16:36:32 - [MESSAGE][PASSED] - Navigate to 'https://www.phptravels.net/admin' successfully

2018-11-01 16:36:34 - [MESSAGE][PASSED] - Current window maximized

2018-11-01 16:36:34 - [MESSAGE][PASSED] - Text 'admin@phptravels.com' is set on object 'Object Repository/common/super_admin/Page_Administator Login/input_email'

2018-11-01 16:36:34 - [MESSAGE][PASSED] - Text 'demoadmin' is set on object 'Object Repository/common/super_admin/Page_Administator Login/input_password'

2018-11-01 16:36:34 - [MESSAGE][PASSED] - Object: 'Object Repository/common/super_admin/Page_Administator Login/button_Login' is clicked on

2018-11-01 16:36:34 - [MESSAGE][PASSED] - phpTravels.commonUtils.loginToPHPTravels is PASSED

2018-11-01 16:36:34 - [MESSAGE][PASSED] - Call Test Case 'Test Cases/Common/LoginAsSuperAdmin' successfully

2018-11-01 16:36:34 - [TEST_STEP][PASSED] - phpTravels.commonUtils.deleteSupplierData: phpTravels.commonUtils.deleteSupplierData is PASSED

2018-11-01 16:36:39 - [MESSAGE][PASSED] - Object: 'Object Repository/user/create_new_supplier/Page_Dashboard/a_Accounts' is clicked on

2018-11-01 16:36:42 - [MESSAGE][PASSED] - Object: 'Object Repository/user/create_new_supplier/Page_Dashboard/a_Suppliers' is clicked on

2018-11-01 16:36:42 - [MESSAGE][PASSED] - Object 'Object Repository/user/create_new_supplier/Page_Suppliers Management/select_Supplier' is present

2018-11-01 16:36:42 - [MESSAGE][PASSED] - Object: 'Object Repository/user/create_new_supplier/Page_Suppliers Management/select_Supplier' is clicked on

2018-11-01 16:36:42 - [MESSAGE][PASSED] - Object: 'Object Repository/common/button_Delete' is clicked on

2018-11-01 16:36:42 - [MESSAGE][PASSED] - Alert accepted

2018-11-01 16:36:42 - [MESSAGE][PASSED] - phpTravels.commonUtils.deleteSupplierData is PASSED

2018-11-01 16:36:42 - [TEST_STEP][PASSED] - phpTravels.commonUtils.deleteAdminData: phpTravels.commonUtils.deleteAdminData is PASSED

2018-11-01 16:36:42 - [MESSAGE][PASSED] - Object: 'Object Repository/user/create_new_admin/Page_Dashboard/a_Accounts' is clicked on

2018-11-01 16:36:45 - [MESSAGE][PASSED] - Object: 'Object Repository/user/create_new_admin/Page_Dashboard/a_Admins' is clicked on

2018-11-01 16:36:45 - [MESSAGE][PASSED] - Object 'Object Repository/user/create_new_admin/Page_Update Admin/select_Admin' is present

2018-11-01 16:36:45 - [MESSAGE][PASSED] - Object: 'Object Repository/user/create_new_admin/Page_Update Admin/select_Admin' is clicked on

2018-11-01 16:36:45 - [MESSAGE][PASSED] - Object: 'Object Repository/common/button_Delete' is clicked on

2018-11-01 16:36:45 - [MESSAGE][PASSED] - Alert accepted

2018-11-01 16:36:45 - [MESSAGE][PASSED] - phpTravels.commonUtils.deleteAdminData is PASSED]]></system-out>
         <system-err><![CDATA[]]></system-err>
      </testcase>
      <system-out><![CDATA[2018-11-01 16:35:01 - [TEST_SUITE][PASSED] - scenario1: Test Cases/Common/DeleteAllTestData]]></system-out>
      <system-err><![CDATA[]]></system-err>
   </testsuite>
</testsuites>
