<?xml version="1.0" encoding="UTF-8"?>
<testsuites name="CreateNewAdminAndLogin" time="146" tests="0" failures="2" errors="0">
   <testsuite name="CreateNewAdminAndLogin" tests="0" failures="2" errors="0" time="146" timestamp="2018-10-22 11:25:42" hostname="Saranya - Saranya-PC" id="Test Suites/CreateNewAdminAndLogin">
      <properties>
         <property name="deviceName" value=""/>
         <property name="devicePlatform" value=""/>
         <property name="logFolder" value="C:\\Users\\Saranya\\Katalon Studio\\Saranya_Katalon_Assignment2\\Reports\\CreateNewAdminAndLogin\\20181022_112538"/>
         <property name="logFiles" value="C:\\Users\\Saranya\\Katalon Studio\\Saranya_Katalon_Assignment2\\Reports\\CreateNewAdminAndLogin\\20181022_112538\\execution0.log"/>
         <property name="attachments" value="C:\\Users\\Saranya\\Katalon Studio\\Saranya_Katalon_Assignment2\\Reports\\CreateNewAdminAndLogin\\20181022_112538\\1540187855216.png, C:\\Users\\Saranya\\Katalon Studio\\Saranya_Katalon_Assignment2\\Reports\\CreateNewAdminAndLogin\\20181022_112538\\1540187887759.png"/>
         <property name="hostName" value="Saranya - Saranya-PC"/>
         <property name="os" value="Windows 7 64bit"/>
         <property name="katalonVersion" value="5.4.1.1"/>
         <property name="browser" value="Firefox 47.0"/>
         <property name="hostAddress" value="192.168.1.142"/>
         <property name="sessionId" value="c0b2b221-8b8f-4563-bf88-2caad428c01e"/>
         <property name="seleniumVersion" value="3.7.1"/>
         <property name="proxyInformation" value="ProxyInformation{proxyOption=NO_PROXY, proxyServerType=HTTP, password=, proxyServerAddress=, proxyServerPort=0}"/>
         <property name="platform" value="Windows 7"/>
      </properties>
      <testcase name="Test Cases/Common/LoginAsSuperAdmin" classname="Test Cases/Common/LoginAsSuperAdmin" status="FAILED">
         <failure type="FAILED" message="Unable to set text 'admin@phptravels.com' of object 'Object Repository/common/super_admin/Page_Administator Login/input_email' (Root cause: com.kms.katalon.core.webui.exception.WebElementNotFoundException: Web element with id: 'Object Repository/common/super_admin/Page_Administator Login/input_email' located by 'By.xpath: //input[@type = 'text' and @name = 'email' and @placeholder = 'Email']' not found)"/>
         <system-out><![CDATA[2018-10-22 11:25:43 - [TEST_CASE][FAILED] - Test Cases/Common/LoginAsSuperAdmin: Test Cases/Common/LoginAsSuperAdmin FAILED because (of) Unable to set text 'admin@phptravels.com' of object 'Object Repository/common/super_admin/Page_Administator Login/input_email' (Root cause: com.kms.katalon.core.webui.exception.WebElementNotFoundException: Web element with id: 'Object Repository/common/super_admin/Page_Administator Login/input_email' located by 'By.xpath: //input[@type = 'text' and @name = 'email' and @placeholder = 'Email']' not found)

2018-10-22 11:25:44 - [TEST_STEP][PASSED] - openBrowser: Browser is opened with url: ''

2018-10-22 11:25:57 - [MESSAGE][PASSED] - Browser is opened with url: ''

2018-10-22 11:25:57 - [TEST_STEP][PASSED] - navigateToUrl: Navigate to 'https://www.phptravels.net/admin' successfully

2018-10-22 11:27:03 - [MESSAGE][PASSED] - Navigate to 'https://www.phptravels.net/admin' successfully

2018-10-22 11:27:03 - [TEST_STEP][FAILED] - setText: Unable to set text 'admin@phptravels.com' of object 'Object Repository/common/super_admin/Page_Administator Login/input_email' (Root cause: com.kms.katalon.core.webui.exception.WebElementNotFoundException: Web element with id: 'Object Repository/common/super_admin/Page_Administator Login/input_email' located by 'By.xpath: //input[@type = 'text' and @name = 'email' and @placeholder = 'Email']' not found)

2018-10-22 11:27:35 - [MESSAGE][FAILED] - Unable to set text 'admin@phptravels.com' of object 'Object Repository/common/super_admin/Page_Administator Login/input_email' (Root cause: com.kms.katalon.core.webui.exception.WebElementNotFoundException: Web element with id: 'Object Repository/common/super_admin/Page_Administator Login/input_email' located by 'By.xpath: //input[@type = 'text' and @name = 'email' and @placeholder = 'Email']' not found)
[[ATTACHMENT|C:\\Users\\Saranya\\Katalon Studio\\Saranya_Katalon_Assignment2\\Reports\\CreateNewAdminAndLogin\\20181022_112538\\1540187855216.png]]]]></system-out>
         <system-err><![CDATA[2018-10-22 11:25:43 - [TEST_CASE][FAILED] - Test Cases/Common/LoginAsSuperAdmin: Test Cases/Common/LoginAsSuperAdmin FAILED because (of) Unable to set text 'admin@phptravels.com' of object 'Object Repository/common/super_admin/Page_Administator Login/input_email' (Root cause: com.kms.katalon.core.webui.exception.WebElementNotFoundException: Web element with id: 'Object Repository/common/super_admin/Page_Administator Login/input_email' located by 'By.xpath: //input[@type = 'text' and @name = 'email' and @placeholder = 'Email']' not found)]]></system-err>
      </testcase>
      <testcase name="Test Cases/CreateUser/CreateNewAdmin" classname="Test Cases/CreateUser/CreateNewAdmin" status="FAILED">
         <failure type="FAILED" message="Unable to click on object 'Object Repository/user/create_new_admin/Page_Dashboard/a_Accounts' (Root cause: com.kms.katalon.core.webui.exception.WebElementNotFoundException: Web element with id: 'Object Repository/user/create_new_admin/Page_Dashboard/a_Accounts' located by 'By.xpath: //a[@href = '#ACCOUNTS' and (text() = ' Accounts
                        ' or . = ' Accounts
                        ')]' not found)"/>
         <system-out><![CDATA[2018-10-22 11:27:35 - [TEST_CASE][FAILED] - Test Cases/CreateUser/CreateNewAdmin: Test Cases/CreateUser/CreateNewAdmin FAILED because (of) Unable to click on object 'Object Repository/user/create_new_admin/Page_Dashboard/a_Accounts' (Root cause: com.kms.katalon.core.webui.exception.WebElementNotFoundException: Web element with id: 'Object Repository/user/create_new_admin/Page_Dashboard/a_Accounts' located by 'By.xpath: //a[@href = '#ACCOUNTS' and (text() = ' Accounts
                        ' or . = ' Accounts
                        ')]' not found)

2018-10-22 11:27:35 - [TEST_STEP][FAILED] - phpTravels.PhpKeys.navigateToCreateAdminPage: Unable to click on object 'Object Repository/user/create_new_admin/Page_Dashboard/a_Accounts' (Root cause: com.kms.katalon.core.webui.exception.WebElementNotFoundException: Web element with id: 'Object Repository/user/create_new_admin/Page_Dashboard/a_Accounts' located by 'By.xpath: //a[@href = '#ACCOUNTS' and (text() = ' Accounts
                        ' or . = ' Accounts
                        ')]' not found)

2018-10-22 11:28:08 - [MESSAGE][FAILED] - Unable to click on object 'Object Repository/user/create_new_admin/Page_Dashboard/a_Accounts' (Root cause: com.kms.katalon.core.webui.exception.WebElementNotFoundException: Web element with id: 'Object Repository/user/create_new_admin/Page_Dashboard/a_Accounts' located by 'By.xpath: //a[@href = '#ACCOUNTS' and (text() = ' Accounts
                        ' or . = ' Accounts
                        ')]' not found)
[[ATTACHMENT|C:\\Users\\Saranya\\Katalon Studio\\Saranya_Katalon_Assignment2\\Reports\\CreateNewAdminAndLogin\\20181022_112538\\1540187887759.png]]

2018-10-22 11:28:08 - [MESSAGE][FAILED] - Unable to click on object 'Object Repository/user/create_new_admin/Page_Dashboard/a_Accounts' (Root cause: com.kms.katalon.core.webui.exception.WebElementNotFoundException: Web element with id: 'Object Repository/user/create_new_admin/Page_Dashboard/a_Accounts' located by 'By.xpath: //a[@href = '#ACCOUNTS' and (text() = ' Accounts
                        ' or . = ' Accounts
                        ')]' not found)]]></system-out>
         <system-err><![CDATA[2018-10-22 11:27:35 - [TEST_CASE][FAILED] - Test Cases/CreateUser/CreateNewAdmin: Test Cases/CreateUser/CreateNewAdmin FAILED because (of) Unable to click on object 'Object Repository/user/create_new_admin/Page_Dashboard/a_Accounts' (Root cause: com.kms.katalon.core.webui.exception.WebElementNotFoundException: Web element with id: 'Object Repository/user/create_new_admin/Page_Dashboard/a_Accounts' located by 'By.xpath: //a[@href = '#ACCOUNTS' and (text() = ' Accounts
                        ' or . = ' Accounts
                        ')]' not found)]]></system-err>
      </testcase>
      <system-out><![CDATA[2018-10-22 11:25:42 - [TEST_SUITE][FAILED] - CreateNewAdminAndLogin: Test Cases/Common/LoginAsSuperAdmin FAILED because (of) Unable to set text 'admin@phptravels.com' of object 'Object Repository/common/super_admin/Page_Administator Login/input_email' (Root cause: com.kms.katalon.core.webui.exception.WebElementNotFoundException: Web element with id: 'Object Repository/common/super_admin/Page_Administator Login/input_email' located by 'By.xpath: //input[@type = 'text' and @name = 'email' and @placeholder = 'Email']' not found)]]></system-out>
      <system-err><![CDATA[2018-10-22 11:25:42 - [TEST_SUITE][FAILED] - CreateNewAdminAndLogin: Test Cases/Common/LoginAsSuperAdmin FAILED because (of) Unable to set text 'admin@phptravels.com' of object 'Object Repository/common/super_admin/Page_Administator Login/input_email' (Root cause: com.kms.katalon.core.webui.exception.WebElementNotFoundException: Web element with id: 'Object Repository/common/super_admin/Page_Administator Login/input_email' located by 'By.xpath: //input[@type = 'text' and @name = 'email' and @placeholder = 'Email']' not found)]]></system-err>
   </testsuite>
</testsuites>
