<?xml version="1.0" encoding="UTF-8"?>
<testsuites name="CreateNewAdminAndLogin" time="203" tests="3" failures="0" errors="0">
   <testsuite name="CreateNewAdminAndLogin" tests="3" failures="0" errors="0" time="203" timestamp="2018-10-24 10:53:54" hostname="Saranya - Saranya-PC" id="Test Suites/CreateNewAdminAndLogin">
      <properties>
         <property name="deviceName" value=""/>
         <property name="devicePlatform" value=""/>
         <property name="logFolder" value="C:\\Users\\Saranya\\Katalon Studio\\Saranya_Katalon_Assignment2\\Reports\\CreateNewAdminAndLogin\\20181024_105350"/>
         <property name="logFiles" value="C:\\Users\\Saranya\\Katalon Studio\\Saranya_Katalon_Assignment2\\Reports\\CreateNewAdminAndLogin\\20181024_105350\\execution0.log"/>
         <property name="attachments" value=""/>
         <property name="hostName" value="Saranya - Saranya-PC"/>
         <property name="os" value="Windows 7 64bit"/>
         <property name="katalonVersion" value="5.4.1.1"/>
         <property name="dbServerInfo" value="MySQL 5.6.20"/>
         <property name="browser" value="Firefox 47.0"/>
         <property name="hostAddress" value="192.168.1.142"/>
         <property name="sessionId" value="8ef6cef3-8b13-42e2-be56-8d4779fd9937"/>
         <property name="seleniumVersion" value="3.7.1"/>
         <property name="proxyInformation" value="ProxyInformation{proxyOption=NO_PROXY, proxyServerType=HTTP, password=, proxyServerAddress=, proxyServerPort=0}"/>
         <property name="platform" value="Windows 7"/>
      </properties>
      <testcase name="Test Cases/Common/LoginAsSuperAdmin" classname="Test Cases/Common/LoginAsSuperAdmin" status="PASSED">
         <system-out><![CDATA[2018-10-24 10:53:54 - [TEST_CASE][PASSED] - Test Cases/Common/LoginAsSuperAdmin: Test Cases/Common/LoginAsSuperAdmin

2018-10-24 10:53:55 - [TEST_STEP][PASSED] - Statement - dbdata = com.kms.katalon.core.testdata.TestDataFactory.findTestData(adminDetails): Reading database data with query 'SELECT * FROM katalon_saranya_16_oct_18.users'

2018-10-24 10:53:56 - [TEST_STEP][PASSED] - Statement - userName = dbdata.getValue(5, 2): null

2018-10-24 10:53:56 - [TEST_STEP][PASSED] - Statement - password = dbdata.getValue(2, 2): null

2018-10-24 10:53:56 - [TEST_STEP][PASSED] - phpTravels.commonUtils.loginToPHPTravels: phpTravels.commonUtils.loginToPHPTravels is PASSED

2018-10-24 10:54:18 - [MESSAGE][PASSED] - Browser is opened with url: ''

2018-10-24 10:54:22 - [MESSAGE][PASSED] - Navigate to 'https://www.phptravels.net/admin' successfully

2018-10-24 10:54:26 - [MESSAGE][PASSED] - Text 'admin@phptravels.com' is set on object 'Object Repository/common/super_admin/Page_Administator Login/input_email'

2018-10-24 10:54:30 - [MESSAGE][PASSED] - Text 'demoadmin' is set on object 'Object Repository/common/super_admin/Page_Administator Login/input_password'

2018-10-24 10:54:33 - [MESSAGE][PASSED] - Object: 'Object Repository/common/super_admin/Page_Administator Login/button_Login' is clicked on

2018-10-24 10:54:33 - [MESSAGE][PASSED] - phpTravels.commonUtils.loginToPHPTravels is PASSED]]></system-out>
         <system-err><![CDATA[]]></system-err>
      </testcase>
      <testcase name="Test Cases/CreateUser/CreateNewAdmin" classname="Test Cases/CreateUser/CreateNewAdmin" status="PASSED">
         <system-out><![CDATA[2018-10-24 10:54:33 - [TEST_CASE][PASSED] - Test Cases/CreateUser/CreateNewAdmin: Test Cases/CreateUser/CreateNewAdmin

2018-10-24 10:54:33 - [TEST_STEP][PASSED] - phpTravels.PhpKeys.navigateToCreateAdminPage: phpTravels.PhpKeys.navigateToCreateAdminPage is PASSED

2018-10-24 10:54:41 - [MESSAGE][PASSED] - Object: 'Object Repository/user/create_new_admin/Page_Dashboard/a_Accounts' is clicked on

2018-10-24 10:54:44 - [MESSAGE][PASSED] - Object: 'Object Repository/user/create_new_admin/Page_Dashboard/a_Admins' is clicked on

2018-10-24 10:54:53 - [MESSAGE][PASSED] - Object: 'Object Repository/user/create_new_admin/Page_Admins Management/button_Add' is clicked on

2018-10-24 10:54:53 - [MESSAGE][PASSED] - phpTravels.PhpKeys.navigateToCreateAdminPage is PASSED

2018-10-24 10:54:53 - [TEST_STEP][PASSED] - phpTravels.PhpKeys.provideAdminDetails: phpTravels.PhpKeys.provideAdminDetails is PASSED

2018-10-24 10:54:59 - [MESSAGE][PASSED] - Text 'Saranya' is set on object 'Object Repository/user/create_new_admin/Page_Add Admin/input_fname'

2018-10-24 10:55:03 - [MESSAGE][PASSED] - Text 'Rohit' is set on object 'Object Repository/user/create_new_admin/Page_Add Admin/input_lname'

2018-10-24 10:55:08 - [MESSAGE][PASSED] - Text 'sj@demo.com' is set on object 'Object Repository/user/create_new_admin/Page_Add Admin/input_email'

2018-10-24 10:55:12 - [MESSAGE][PASSED] - Text 'Password1!' is set on object 'Object Repository/user/create_new_admin/Page_Add Admin/input_password'

2018-10-24 10:55:16 - [MESSAGE][PASSED] - Text '8301256958' is set on object 'Object Repository/user/create_new_admin/Page_Add Admin/input_mobile'

2018-10-24 10:55:19 - [MESSAGE][PASSED] - Object: 'Object Repository/user/create_new_admin/Page_Add Admin/autocomplete_country1' is clicked on

2018-10-24 10:55:21 - [MESSAGE][PASSED] - Object: 'Object Repository/user/create_new_admin/Page_Add Admin/autocomplete_country2' is clicked on

2018-10-24 10:55:25 - [MESSAGE][PASSED] - Text 'India' is set on object 'Object Repository/user/create_new_admin/Page_Add Admin/autocomplete_country2'

2018-10-24 10:55:28 - [MESSAGE][PASSED] - Object: 'Object Repository/user/create_new_admin/Page_Add Admin/autocomplete_country3' is clicked on

2018-10-24 10:55:32 - [MESSAGE][PASSED] - Text 'Rakendu,ABRA365' is set on object 'Object Repository/user/create_new_admin/Page_Add Admin/input_address1'

2018-10-24 10:55:36 - [MESSAGE][PASSED] - Text 'church road' is set on object 'Object Repository/user/create_new_admin/Page_Add Admin/input_address2'

2018-10-24 10:55:43 - [MESSAGE][PASSED] - All options with index in [0] are selected on object 'Object Repository/user/create_new_admin/Page_Add Admin/select_status'

2018-10-24 10:55:43 - [MESSAGE][PASSED] - phpTravels.PhpKeys.provideAdminDetails is PASSED

2018-10-24 10:55:43 - [TEST_STEP][PASSED] - phpTravels.PhpKeys.provideAccessDetailsForAdd: phpTravels.PhpKeys.provideAccessDetailsForAdd is PASSED

2018-10-24 10:55:47 - [MESSAGE][PASSED] - Object 'Object Repository/user/create_new_admin/Access/add/Page_Add Admin/checkbox_all' is checked

2018-10-24 10:55:50 - [MESSAGE][PASSED] - Object 'Object Repository/user/create_new_admin/Access/add/Page_Add Admin/checkbox_all' is checked

2018-10-24 10:55:53 - [MESSAGE][PASSED] - Object 'Object Repository/user/create_new_admin/Access/add/Page_Add Admin/checkbox_all' is checked

2018-10-24 10:55:56 - [MESSAGE][PASSED] - Object 'Object Repository/user/create_new_admin/Access/add/Page_Add Admin/checkbox_all' is checked

2018-10-24 10:56:00 - [MESSAGE][PASSED] - Object 'Object Repository/user/create_new_admin/Access/add/Page_Add Admin/checkbox_all' is checked

2018-10-24 10:56:00 - [MESSAGE][PASSED] - phpTravels.PhpKeys.provideAccessDetailsForAdd is PASSED

2018-10-24 10:56:00 - [TEST_STEP][PASSED] - phpTravels.PhpKeys.provideAccessDetailsForEdit: phpTravels.PhpKeys.provideAccessDetailsForEdit is PASSED

2018-10-24 10:56:03 - [MESSAGE][PASSED] - Object 'Object Repository/user/create_new_admin/Access/edit/Page_Add Admin/checkbox_all' is checked

2018-10-24 10:56:06 - [MESSAGE][PASSED] - Object 'Object Repository/user/create_new_admin/Access/edit/Page_Add Admin/checkbox_all' is checked

2018-10-24 10:56:09 - [MESSAGE][PASSED] - Object 'Object Repository/user/create_new_admin/Access/edit/Page_Add Admin/checkbox_all' is checked

2018-10-24 10:56:12 - [MESSAGE][PASSED] - Object 'Object Repository/user/create_new_admin/Access/edit/Page_Add Admin/checkbox_all' is checked

2018-10-24 10:56:16 - [MESSAGE][PASSED] - Object 'Object Repository/user/create_new_admin/Access/edit/Page_Add Admin/checkbox_all' is checked

2018-10-24 10:56:16 - [MESSAGE][PASSED] - phpTravels.PhpKeys.provideAccessDetailsForEdit is PASSED

2018-10-24 10:56:16 - [TEST_STEP][PASSED] - phpTravels.PhpKeys.provideAccessDetailsForRemove: phpTravels.PhpKeys.provideAccessDetailsForRemove is PASSED

2018-10-24 10:56:19 - [MESSAGE][PASSED] - Object 'Object Repository/user/create_new_admin/Access/remove/Page_Add Admin/checkbox_all' is checked

2018-10-24 10:56:22 - [MESSAGE][PASSED] - Object 'Object Repository/user/create_new_admin/Access/remove/Page_Add Admin/checkbox_all' is checked

2018-10-24 10:56:25 - [MESSAGE][PASSED] - Object 'Object Repository/user/create_new_admin/Access/remove/Page_Add Admin/checkbox_all' is checked

2018-10-24 10:56:29 - [MESSAGE][PASSED] - Object 'Object Repository/user/create_new_admin/Access/remove/Page_Add Admin/checkbox_all' is checked

2018-10-24 10:56:32 - [MESSAGE][PASSED] - Object 'Object Repository/user/create_new_admin/Access/remove/Page_Add Admin/checkbox_all' is checked

2018-10-24 10:56:32 - [MESSAGE][PASSED] - phpTravels.PhpKeys.provideAccessDetailsForRemove is PASSED

2018-10-24 10:56:32 - [TEST_STEP][PASSED] - phpTravels.PhpKeys.saveAdmin: phpTravels.PhpKeys.saveAdmin is PASSED

2018-10-24 10:56:38 - [MESSAGE][PASSED] - Object: 'Object Repository/user/create_new_admin/Page_Update Admin/button_Submit' is clicked on

2018-10-24 10:56:41 - [MESSAGE][PASSED] - Object 'Object Repository/user/create_new_admin/Page_Update Admin/table_Admin' is present

2018-10-24 10:56:41 - [MESSAGE][PASSED] - phpTravels.PhpKeys.saveAdmin is PASSED]]></system-out>
         <system-err><![CDATA[]]></system-err>
      </testcase>
      <testcase name="Test Cases/Common/LoginAsNewAdmin" classname="Test Cases/Common/LoginAsNewAdmin" status="PASSED">
         <system-out><![CDATA[2018-10-24 10:56:41 - [TEST_CASE][PASSED] - Test Cases/Common/LoginAsNewAdmin: Test Cases/Common/LoginAsNewAdmin

2018-10-24 10:56:41 - [TEST_STEP][PASSED] - Statement - dbdata = com.kms.katalon.core.testdata.TestDataFactory.findTestData(adminDetails): Reading database data with query 'SELECT * FROM katalon_saranya_16_oct_18.users'

2018-10-24 10:56:41 - [TEST_STEP][PASSED] - Statement - userName = dbdata.getValue(5, 1): null

2018-10-24 10:56:41 - [TEST_STEP][PASSED] - Statement - password = dbdata.getValue(2, 1): null

2018-10-24 10:56:41 - [TEST_STEP][PASSED] - phpTravels.commonUtils.loginToPHPTravels: phpTravels.commonUtils.loginToPHPTravels is PASSED

2018-10-24 10:56:41 - [MESSAGE][WARNING] - A browser is already opened. Closing browser and opening a new one

2018-10-24 10:57:02 - [MESSAGE][PASSED] - Browser is opened with url: ''

2018-10-24 10:57:05 - [MESSAGE][PASSED] - Navigate to 'https://www.phptravels.net/admin' successfully

2018-10-24 10:57:10 - [MESSAGE][PASSED] - Text 'sj@demo.com' is set on object 'Object Repository/common/super_admin/Page_Administator Login/input_email'

2018-10-24 10:57:14 - [MESSAGE][PASSED] - Text 'Password1!' is set on object 'Object Repository/common/super_admin/Page_Administator Login/input_password'

2018-10-24 10:57:16 - [MESSAGE][PASSED] - Object: 'Object Repository/common/super_admin/Page_Administator Login/button_Login' is clicked on

2018-10-24 10:57:16 - [MESSAGE][PASSED] - phpTravels.commonUtils.loginToPHPTravels is PASSED]]></system-out>
         <system-err><![CDATA[]]></system-err>
      </testcase>
      <system-out><![CDATA[2018-10-24 10:53:54 - [TEST_SUITE][PASSED] - CreateNewAdminAndLogin: Test Cases/Common/LoginAsNewAdmin]]></system-out>
      <system-err><![CDATA[]]></system-err>
   </testsuite>
</testsuites>
